-----BEGIN PKCS7-----
MIIHawYJKoZIhvcNAQcCoIIHXDCCB1gCAQExDzANBglghkgBZQMEAgEFADB4Bgor
BgEEAYI3AgEEoGowaDAzBgorBgEEAYI3AgEPMCUDAQCgIKIegBwAPAA8ADwATwBi
AHMAbwBsAGUAdABlAD4APgA+MDEwDQYJYIZIAWUDBAIBBQAEICcQaG7fBaLWhV6+
zZJtg+Vf1oXM9kiaRvw/WnceHG32oIIEJDCCBCAwggMIoAMCAQICAQEwDQYJKoZI
hvcNAQELBQAwgYQxCzAJBgNVBAYTAkdCMRQwEgYDVQQIDAtJc2xlIG9mIE1hbjEQ
MA4GA1UEBwwHRG91Z2xhczEXMBUGA1UECgwOQ2Fub25pY2FsIEx0ZC4xNDAyBgNV
BAMMK0Nhbm9uaWNhbCBMdGQuIE1hc3RlciBDZXJ0aWZpY2F0ZSBBdXRob3JpdHkw
HhcNMTIwNDEyMTEzOTA4WhcNNDIwNDExMTEzOTA4WjB/MQswCQYDVQQGEwJHQjEU
MBIGA1UECAwLSXNsZSBvZiBNYW4xFzAVBgNVBAoMDkNhbm9uaWNhbCBMdGQuMRQw
EgYDVQQLDAtTZWN1cmUgQm9vdDErMCkGA1UEAwwiQ2Fub25pY2FsIEx0ZC4gU2Vj
dXJlIEJvb3QgU2lnbmluZzCCASIwDQYJKoZIhvcNAQEBBQADggEPADCCAQoCggEB
AMlfm2KPC7Bkgqy+yeJi40vSnx6K1WEaK1049LfOuZq4Q7hDl3erT38McEYL/H9t
xm3qgF4B0rdmHofeDW3QQZeopa8MY0/3fMJSzKAxqbuJXZkeRm9Vc7l2aezXwfwh
1sYH50+9It7kqFst25U0GZfWKEshTMq7HXmmF39a+WfmXHhFPRBtsBdZJhHFV+N/
ToK69ixOyDdN/4UVhEfg7Tt8f7yv6QEFpwxvw+mNo86+puPNPLVYLJ7CAxxgIjc5
/0ECwSmkZVH/MzSqQhX5lXj8LfXaioV8gp37NyxrpajffFULgC48sGPhzThIiegU
BguCvP3UB2gbDz7ZFd2UERsCAwEAAaOBoDCBnTAMBgNVHRMBAf8EAjAAMB8GA1Ud
JQQYMBYGCCsGAQUFBwMDBgorBgEEAYI3CgMGMCwGCWCGSAGG+EIBDQQfFh1PcGVu
U1NMIEdlbmVyYXRlZCBDZXJ0aWZpY2F0ZTAdBgNVHQ4EFgQUYUgqooMNCrKtWvEL
clDakDPdzvAwHwYDVR0jBBgwFoAUrZGZC8IqsfUXBIwjtmVaJo40WmMwDQYJKoZI
hvcNAQELBQADggEBAI+KoQYfKbcKStXF/YGrJerAfeL8apageZNn7gUOJRIl5Fr2
qhrxEvMFjYde8Vpcy40jc2UdFbneImvWSWfJo8bXYk5ctfkDg0CB3IecPD8cDVGf
lGUKhEhn5KL4pkrw583NvZTjCdJdLRYbBRULy0S0PmFCIsQqXE7FHaPi4FKy6/SL
K9w4OV37iKFWZV8rTyb/BngQEuuMXTLjxkWvJZug/47vRwmj6Ys3kpJpdn40O5IF
Z06wJe28Xl+PtNbKQP/k4jEjDIUlrgxVAezlR17fW7wUM+PG9Ri22ffds7ShMdNa
XF19Pr8K5OTotFl9O7SMoxu1IKO5PoRvjCEAwzkxggKeMIICmgIBATCBijCBhDEL
MAkGA1UEBhMCR0IxFDASBgNVBAgMC0lzbGUgb2YgTWFuMRAwDgYDVQQHDAdEb3Vn
bGFzMRcwFQYDVQQKDA5DYW5vbmljYWwgTHRkLjE0MDIGA1UEAwwrQ2Fub25pY2Fs
IEx0ZC4gTWFzdGVyIENlcnRpZmljYXRlIEF1dGhvcml0eQIBATANBglghkgBZQME
AgEFAKCB5TAZBgkqhkiG9w0BCQMxDAYKKwYBBAGCNwIBBDAcBgkqhkiG9w0BCQUx
DxcNMTYwNzIzMDAxOTUzWjAvBgkqhkiG9w0BCQQxIgQglLg+Wp2cK4e4fDF0mOQX
S7HLrKHkkRi9SbwtlfZrodwweQYJKoZIhvcNAQkPMWwwajALBglghkgBZQMEASow
CwYJYIZIAWUDBAEWMAsGCWCGSAFlAwQBAjAKBggqhkiG9w0DBzAOBggqhkiG9w0D
AgICAIAwDQYIKoZIhvcNAwICAUAwBwYFKw4DAgcwDQYIKoZIhvcNAwICASgwDQYJ
KoZIhvcNAQEBBQAEggEAK3i3M+5zoLpuB5/FwgcmNoTgU1/z7hmRrQCMxwB4JxME
K7yX+Xobdq/pTOYQ6ZgvXsXS1tN9wid2SmleSycJByNDOKDslrfsXR5hmK4NnGRw
6xp0U/X900v3Fj/i5Vx4ahSlqkxYiDjDrc5fz6vL3UqOw9aWkyYM/UDFPsNK8vFb
0JOqts8DouLBARJWyHlPl2+VBz17oh2UgNdNh8eIxCtdLWelbyG4UW7OIFUnGCCg
wfnNR4434exzyqJXxUP20HLwdm97fH3dbPztnWGH/7GnDWauw/ZQyzSenJeSOjRc
YtAiMsXyYbAA2gD3i8SNJWDQJonKrPXmM0sQ2bI9NQ==
-----END PKCS7-----
