-----BEGIN PKCS7-----
MIIhqwYJKoZIhvcNAQcCoIIhnDCCIZgCAQExDzANBglghkgBZQMEAgEFADBcBgor
BgEEAYI3AgEEoE4wTDAXBgorBgEEAYI3AgEPMAkDAQCgBKICgAAwMTANBglghkgB
ZQMEAgEFAAQgR7MaHHhnZEsu6Ak7LV++IeIfd8FheiwIgS9XrOCFDp+gggs8MIIF
JDCCBAygAwIBAgITMwAAABCkkSlD2UzmLgABAAAAEDANBgkqhkiG9w0BAQsFADCB
gTELMAkGA1UEBhMCVVMxEzARBgNVBAgTCldhc2hpbmd0b24xEDAOBgNVBAcTB1Jl
ZG1vbmQxHjAcBgNVBAoTFU1pY3Jvc29mdCBDb3Jwb3JhdGlvbjErMCkGA1UEAxMi
TWljcm9zb2Z0IENvcnBvcmF0aW9uIFVFRkkgQ0EgMjAxMTAeFw0xNDEwMDExODAy
MTBaFw0xNjAxMDExODAyMTBaMIGVMQswCQYDVQQGEwJVUzETMBEGA1UECBMKV2Fz
aGluZ3RvbjEQMA4GA1UEBxMHUmVkbW9uZDEeMBwGA1UEChMVTWljcm9zb2Z0IENv
cnBvcmF0aW9uMQ0wCwYDVQQLEwRNT1BSMTAwLgYDVQQDEydNaWNyb3NvZnQgV2lu
ZG93cyBVRUZJIERyaXZlciBQdWJsaXNoZXIwggEiMA0GCSqGSIb3DQEBAQUAA4IB
DwAwggEKAoIBAQCrOWu2NBXiasW7Oi7/N6NEe27jZ/9cYueb9aHYznf0HmI9yzsW
VL2bdi//3yyrb1JgYYMHKovB4jQA+EKiAhfaDHsf8i6piqXTnkrma3IjbvWzYo90
uoHJj9wRss0seA9dEwJRvTPctJPjuGmSNNkBSJkes+ZtFjvFLi8/kEEWcDIy1pxC
2rxvwRut5jfFN1XSdG75/Ho+DKcrac1iSd4qxHfhLqBBGya68Ar75BEeBQakPhv9
HL9SOvhxOrgv4TDAQEaeFssfl9Fb3G4LC5+YEfjFSNrK05f7DXJi0kxr+TTx/1Iq
eRmp28gYjvN6ln1LU6K1trMciLpTu8Wu40lrAgMBAAGjggF9MIIBeTAfBgNVHSUE
GDAWBggrBgEFBQcDAwYKKwYBBAGCN1ACATAdBgNVHQ4EFgQUgU9+kB/S6oPylTrh
rnCRk7+dXZQwUQYDVR0RBEowSKRGMEQxDTALBgNVBAsTBE1PUFIxMzAxBgNVBAUT
KjMxNjE5Kzk1Mzg3ZDM3LThhZjktNDBjNC04ZWQ5LWI2MTNkNjljNjgwMDAfBgNV
HSMEGDAWgBQTrb9DCb2CcJyM1U8xbtUimIob1DBTBgNVHR8ETDBKMEigRqBEhkJo
dHRwOi8vd3d3Lm1pY3Jvc29mdC5jb20vcGtpb3BzL2NybC9NaWNDb3JVRUZDQTIw
MTFfMjAxMS0wNi0yNy5jcmwwYAYIKwYBBQUHAQEEVDBSMFAGCCsGAQUFBzAChkRo
dHRwOi8vd3d3Lm1pY3Jvc29mdC5jb20vcGtpb3BzL2NlcnRzL01pY0NvclVFRkNB
MjAxMV8yMDExLTA2LTI3LmNydDAMBgNVHRMBAf8EAjAAMA0GCSqGSIb3DQEBCwUA
A4IBAQArGwiyBnS4rLrVJIdaQvC01Lpt9CS5rbHoPJMJ5lf+SZ84bN+TpPcTk6tX
2l7uTjRuvM35p+mQtEp2Qzr0Bx6Q7g4PyHRAA/mv5r3aHL0TL++CNdOckyu5lg9S
u+ogYu13OlK+7yazM/YD2OmgqWUsIioBPLG9RLtdyWwaQTUoTJF4Tw1motfZfFni
b9GdZF5zC2VtVueoFm8iinUadFxEkfGGXI1aSxv2H9SlZIEeMmmd7/A6MyiCnNiI
rlP8ywgZlX7kmaKtedHB1z73MkVivuhldRk5g7QfZsEsletdFx31xL7aeZxPsxTo
4nvEexleHIos0tO/uynIJk6935XaMIIGEDCCA/igAwIBAgIKYQjTxAAAAAAABDAN
BgkqhkiG9w0BAQsFADCBkTELMAkGA1UEBhMCVVMxEzARBgNVBAgTCldhc2hpbmd0
b24xEDAOBgNVBAcTB1JlZG1vbmQxHjAcBgNVBAoTFU1pY3Jvc29mdCBDb3Jwb3Jh
dGlvbjE7MDkGA1UEAxMyTWljcm9zb2Z0IENvcnBvcmF0aW9uIFRoaXJkIFBhcnR5
IE1hcmtldHBsYWNlIFJvb3QwHhcNMTEwNjI3MjEyMjQ1WhcNMjYwNjI3MjEzMjQ1
WjCBgTELMAkGA1UEBhMCVVMxEzARBgNVBAgTCldhc2hpbmd0b24xEDAOBgNVBAcT
B1JlZG1vbmQxHjAcBgNVBAoTFU1pY3Jvc29mdCBDb3Jwb3JhdGlvbjErMCkGA1UE
AxMiTWljcm9zb2Z0IENvcnBvcmF0aW9uIFVFRkkgQ0EgMjAxMTCCASIwDQYJKoZI
hvcNAQEBBQADggEPADCCAQoCggEBAKUIbEzHRQlqSwykwId/BnUMQwFUZOAWfwft
kn0LsnO/DArGSkVhoMUWLZbT9Sug+01Jm0GAkDy5VP3mvNGdxKQYin9BilxZg2gy
u4xHye5xvCFPmop8/0Q/jY8ysiZIrnW17slMHkoZfuSCmh14d00MsL32D9MW07z6
K6VROF31+7rbeALb/+wKG5bVg7gZE+m2wHtAe+EfKCfJ+u9WXhzmfpR+wPBEsnk5
5dqyYotNvzhw4mgkFMkzpAg31VhpXtN87cEEUwjnTrAqh2MIYW9jFVnqsit51wxh
Z4pb/V6th3+6hmdPcVgSIgQiIs6L71RxAM5QNVh2lQjuarGiAdUCAwEAAaOCAXYw
ggFyMBIGCSsGAQQBgjcVAQQFAgMBAAEwIwYJKwYBBAGCNxUCBBYEFPjBa7d/d1NK
8yU3HU6hJnsPIHCAMB0GA1UdDgQWBBQTrb9DCb2CcJyM1U8xbtUimIob1DAZBgkr
BgEEAYI3FAIEDB4KAFMAdQBiAEMAQTALBgNVHQ8EBAMCAYYwDwYDVR0TAQH/BAUw
AwEB/zAfBgNVHSMEGDAWgBRFZlJD4X5YEb/WTp4jVQg7OiJqqDBcBgNVHR8EVTBT
MFGgT6BNhktodHRwOi8vY3JsLm1pY3Jvc29mdC5jb20vcGtpL2NybC9wcm9kdWN0
cy9NaWNDb3JUaGlQYXJNYXJSb29fMjAxMC0xMC0wNS5jcmwwYAYIKwYBBQUHAQEE
VDBSMFAGCCsGAQUFBzAChkRodHRwOi8vd3d3Lm1pY3Jvc29mdC5jb20vcGtpL2Nl
cnRzL01pY0NvclRoaVBhck1hclJvb18yMDEwLTEwLTA1LmNydDANBgkqhkiG9w0B
AQsFAAOCAgEANQhC/zDMzvd2DK0QaFg1KUYydid87xJBJ0IbSqptgThIWRNV8+lY
NKYWC4KqXa2C2oCDQQaPtB3yA7nzGl0b8VCQ+bNVhEIoHCC9sq5RFMXArJeVIRyQ
2w/8d56Vc5GIyr29UrkFUA3fV56gYe0N5W0l2UAPF0DIzqNKwk2vmhIdCFSPvce8
uSs9SSsfMvxqIWlPm8h+QjT8NgYXi48gQMCzmiV1J83JA6P2XdHnNlR6uVC10xLR
B7+7dN/cHo+A1e0Y9C8UFmsv3maMsCPlx4TY7erBM4KtVksYLfFolQfNz/By8K67
3YaFmCwhTDMr8A9K8GiHtZJVMnWhaoJqPKMlEaTtrdcErsvYQFmghNGVTGKRIhp0
HYw9Rw5EpuSwmzQ1sfq2U6gsgeykBXHInbi66BtEZuRHVA6OVn+znxaYsobQaD6Q
I7UvXo9QhY3GjYJfQaH0Lg3gmdJsdeS2abUhhvoH0fbiTdHarSx3Ux4lMjfHbFJy
lYaw8TVhahn1sjuBUFamMi3+oon5QoYnGFWhgspam/gwmFQUpkeWJS/IJuRBlBpc
Aj/lluOFWzw+P7tHFnJV4iUisdl75wMGKqP3HpBGwwAN1hmJ4w41J2IDcRWm79An
oKBZN2D4OJS44Hhw+LpMhoeU9uCuAkXuZcK2o35pFnUHkpv1prxZg1gxghXiMIIV
3gIBATCBmTCBgTELMAkGA1UEBhMCVVMxEzARBgNVBAgTCldhc2hpbmd0b24xEDAO
BgNVBAcTB1JlZG1vbmQxHjAcBgNVBAoTFU1pY3Jvc29mdCBDb3Jwb3JhdGlvbjEr
MCkGA1UEAxMiTWljcm9zb2Z0IENvcnBvcmF0aW9uIFVFRkkgQ0EgMjAxMQITMwAA
ABCkkSlD2UzmLgABAAAAEDANBglghkgBZQMEAgEFAKCBzDAZBgkqhkiG9w0BCQMx
DAYKKwYBBAGCNwIBBDAcBgorBgEEAYI3AgELMQ4wDAYKKwYBBAGCNwIBFTAvBgkq
hkiG9w0BCQQxIgQgWwbYf33hJTCCglk3txz54Oh2FnJaTymOWJkI5AuRufswYAYK
KwYBBAGCNwIBDDFSMFCgHIAaAEMAYQBuAG8AbgBpAGMAYQBsACAATAB0AGShMIAu
aHR0cDovL3d3dy5taWNyb3NvZnQuY29tL3doZGMvaGNsL2RlZmF1bHQubXNweDAN
BgkqhkiG9w0BAQEFAASCAQCU9WGpddHFIxYUgcC7/geHzF2K9CETjUV55Hd65G9i
YX5+f80z0Al4Zf7u0crS+c5xGae4ivBh53REqyjqc85RQIVvsMzXkoPt45v7kHa0
1FRamfZNmvofnjUEUP7DjP2C339NszDlc4I7HTIMphT0SeLNsc5YyraNEfB9k1VI
dC6A61LNvJ79bhP8CuPf53aC6pAX2aw8XneCJWd+xUuoJb1BQWxk6WVvirhcOCZI
WELqLOIXBBrcNEaeBByhA5x/T+paiEWPSSecc3A1+1SGflNunhFmy17Y1p6vBUhx
Zy+gzLhtaFsvhz+gGv55+Hb49Cbep2A1n6jUV12fum5goYITSjCCE0YGCisGAQQB
gjcDAwExghM2MIITMgYJKoZIhvcNAQcCoIITIzCCEx8CAQMxDzANBglghkgBZQME
AgEFADCCAT0GCyqGSIb3DQEJEAEEoIIBLASCASgwggEkAgEBBgorBgEEAYRZCgMB
MDEwDQYJYIZIAWUDBAIBBQAEIAhfhSCkEeUHTxRl6cmOYy37nTJhNgkMEcuRlPrv
bSCvAgZVaIROPjQYEzIwMTUwNjA2MDAwMjM3LjM4MVowBwIBAYACAfSggbmkgbYw
gbMxCzAJBgNVBAYTAlVTMRMwEQYDVQQIEwpXYXNoaW5ndG9uMRAwDgYDVQQHEwdS
ZWRtb25kMR4wHAYDVQQKExVNaWNyb3NvZnQgQ29ycG9yYXRpb24xDTALBgNVBAsT
BE1PUFIxJzAlBgNVBAsTHm5DaXBoZXIgRFNFIEVTTjpCOEVDLTMwQTQtNzE0NDEl
MCMGA1UEAxMcTWljcm9zb2Z0IFRpbWUtU3RhbXAgU2VydmljZaCCDs0wggZxMIIE
WaADAgECAgphCYEqAAAAAAACMA0GCSqGSIb3DQEBCwUAMIGIMQswCQYDVQQGEwJV
UzETMBEGA1UECBMKV2FzaGluZ3RvbjEQMA4GA1UEBxMHUmVkbW9uZDEeMBwGA1UE
ChMVTWljcm9zb2Z0IENvcnBvcmF0aW9uMTIwMAYDVQQDEylNaWNyb3NvZnQgUm9v
dCBDZXJ0aWZpY2F0ZSBBdXRob3JpdHkgMjAxMDAeFw0xMDA3MDEyMTM2NTVaFw0y
NTA3MDEyMTQ2NTVaMHwxCzAJBgNVBAYTAlVTMRMwEQYDVQQIEwpXYXNoaW5ndG9u
MRAwDgYDVQQHEwdSZWRtb25kMR4wHAYDVQQKExVNaWNyb3NvZnQgQ29ycG9yYXRp
b24xJjAkBgNVBAMTHU1pY3Jvc29mdCBUaW1lLVN0YW1wIFBDQSAyMDEwMIIBIjAN
BgkqhkiG9w0BAQEFAAOCAQ8AMIIBCgKCAQEAqR0NvHcRijog7PwTl/X6f2mUa3RU
ENWlCgCChfvtfGhLLF/Fw+Vhwna3PmYrW/AVUycEMR9BGxqVHc4JE458YTBZsTBE
D/FgiIRUQwzXTbg4CLNC3ZOs1nMwVyaCo0UN0Or1R4HNvyRgMlhgRvJYR4YyhB50
YWeRX4FUsc+TTJLBxKZd0WETbijGGvmGgLvfYfxGwScdJGcSchohiq9LZIlQYrFd
/XcfPfBXday9ikJNQFHRD5wGPmd/9WbAA5ZEfu/QS/1u5ZrKsajyeioKMfDaTgaR
togINeh4HLDpmc085y9Euqf03GS9pAHBIAmTeM38vMDJRF1eFpwBBU8iTQIDAQAB
o4IB5jCCAeIwEAYJKwYBBAGCNxUBBAMCAQAwHQYDVR0OBBYEFNVjOlyKMZDzQ3t8
RhvFM2hahW1VMBkGCSsGAQQBgjcUAgQMHgoAUwB1AGIAQwBBMAsGA1UdDwQEAwIB
hjAPBgNVHRMBAf8EBTADAQH/MB8GA1UdIwQYMBaAFNX2VsuP6KJcYmjRPZSQW9fO
mhjEMFYGA1UdHwRPME0wS6BJoEeGRWh0dHA6Ly9jcmwubWljcm9zb2Z0LmNvbS9w
a2kvY3JsL3Byb2R1Y3RzL01pY1Jvb0NlckF1dF8yMDEwLTA2LTIzLmNybDBaBggr
BgEFBQcBAQROMEwwSgYIKwYBBQUHMAKGPmh0dHA6Ly93d3cubWljcm9zb2Z0LmNv
bS9wa2kvY2VydHMvTWljUm9vQ2VyQXV0XzIwMTAtMDYtMjMuY3J0MIGgBgNVHSAB
Af8EgZUwgZIwgY8GCSsGAQQBgjcuAzCBgTA9BggrBgEFBQcCARYxaHR0cDovL3d3
dy5taWNyb3NvZnQuY29tL1BLSS9kb2NzL0NQUy9kZWZhdWx0Lmh0bTBABggrBgEF
BQcCAjA0HjIgHQBMAGUAZwBhAGwAXwBQAG8AbABpAGMAeQBfAFMAdABhAHQAZQBt
AGUAbgB0AC4gHTANBgkqhkiG9w0BAQsFAAOCAgEAB+aIUQ3ixuCYP4FxAz2do6Eh
b7Prpsz1Mb7PBeKp/vpXbRkws8LFZslq3/Xn8Hi9x6ieJeP5vO1rVFcIK1GCRBL7
uVOMzPRgEop2zEBAQZvcXBf/XPleFzWYJFZLdO9CEMivv3/Gf/I3fVo/HPKZeUqR
UgCvOA8X9S95gWXZqbVr5MfO9sp6AG9LMEQkIjzP7QOllo9ZKby2/QThcJ8ySif9
Va8v/rbljjO7Yl+a21dA6fHOmWaQjP9qYn/dxUoLkSbiOewZSnFjnXshbcOco6I8
+n99lmqQeKZt0uGc+R38ONiU9MalCpaGpL2eGq4EQoO4tYCbIjggtSXlZOz39L9+
Y1klD3ouOVd2onGqBooPiRa6YacRy5rYDkeagMXQzafQ732D8OE7cQnfXXSYIghh
2rBQHm+98eEA3+cxB6STOvdlR3jo+KhIq/fecn5ha293qYHLpwmsObvsxsvYgrRy
zR30uIUBHoD7G4kqVDmyW9rIDVWZeodzOwjmmC3qjeAzLhIp9cAvVCch98isTtoo
uLGp25ayp0Kiyc8ZQU3ghvkqmqMRZjDTu3QyS99je/WZii8bxyGvWbWu3EQ8l1Bx
16HSxVXjad5XwdHeMMD9zOZN+w2/XU/pnR4ZOC+8z1gFLu8NoFA12u8JJxzVs341
Hgi62jbb01+P3nSISRIwggTaMIIDwqADAgECAhMzAAAAVE6Gq4OTctbpAAAAAABU
MA0GCSqGSIb3DQEBCwUAMHwxCzAJBgNVBAYTAlVTMRMwEQYDVQQIEwpXYXNoaW5n
dG9uMRAwDgYDVQQHEwdSZWRtb25kMR4wHAYDVQQKExVNaWNyb3NvZnQgQ29ycG9y
YXRpb24xJjAkBgNVBAMTHU1pY3Jvc29mdCBUaW1lLVN0YW1wIFBDQSAyMDEwMB4X
DTE1MDMyMDE3MzIyN1oXDTE2MDYyMDE3MzIyN1owgbMxCzAJBgNVBAYTAlVTMRMw
EQYDVQQIEwpXYXNoaW5ndG9uMRAwDgYDVQQHEwdSZWRtb25kMR4wHAYDVQQKExVN
aWNyb3NvZnQgQ29ycG9yYXRpb24xDTALBgNVBAsTBE1PUFIxJzAlBgNVBAsTHm5D
aXBoZXIgRFNFIEVTTjpCOEVDLTMwQTQtNzE0NDElMCMGA1UEAxMcTWljcm9zb2Z0
IFRpbWUtU3RhbXAgU2VydmljZTCCASIwDQYJKoZIhvcNAQEBBQADggEPADCCAQoC
ggEBALK3y07EeQ1/4xaDnXEuML0ElBc0BLegOMknkD0XPgWhCRtlOGuDJZnELa8Q
VXOLxOv2LYn5mPgxZwGjK0L1aZrC/k/rd5YJEVGWNl4lCy2an0HT0qcuNF7QcCk/
Cdy7BegYmAwT+JGlnglOk0TlwdSXgW63DobT+1/vDECybK2WcvqX8QIbMbbTBTgf
CEMyR7EtipFEjrXwtPUJzEWTcfEdllZCzZVouGioQFJyV5Ra+3d/6/ngvvN4qF6m
x6qQt1EBfx8lrFweez8KsRDezzLOn6LXHDaUmhwVnfUICopuz/8WEZcqWdqG40m6
XR8+Uoo/b0HH60+34EwoVC3sZcsCAwEAAaOCARswggEXMB0GA1UdDgQWBBS1OwoB
w6n3zsLyqG+7FK6Olqf2wjAfBgNVHSMEGDAWgBTVYzpcijGQ80N7fEYbxTNoWoVt
VTBWBgNVHR8ETzBNMEugSaBHhkVodHRwOi8vY3JsLm1pY3Jvc29mdC5jb20vcGtp
L2NybC9wcm9kdWN0cy9NaWNUaW1TdGFQQ0FfMjAxMC0wNy0wMS5jcmwwWgYIKwYB
BQUHAQEETjBMMEoGCCsGAQUFBzAChj5odHRwOi8vd3d3Lm1pY3Jvc29mdC5jb20v
cGtpL2NlcnRzL01pY1RpbVN0YVBDQV8yMDEwLTA3LTAxLmNydDAMBgNVHRMBAf8E
AjAAMBMGA1UdJQQMMAoGCCsGAQUFBwMIMA0GCSqGSIb3DQEBCwUAA4IBAQB9ntpI
zVfqEtEiMBQ219wZ1GgnyRr2cjTaAeBT/0Z/Q4TB+JpRhKBibQUQZpYiTkYXpJqh
0bVM/7G8xNuDTlNKVCf2P/PVStpi2AHXCbeGXY42X+bzZXK3DWp9xVSrFxa0UWwq
9Go/d4lpiV4/ahavOF4WeMlWdZ0Rey8NwYmQ8RDocvgeZLc7SPSGWl9IRfwaeMbE
cx+B06OHdaz7qy8zXhSpj06gPQqMIlG4pp+8YKaLblc0BpGdkBWXC07chJPGBibE
TXbPVJ+g2V54+c0Zwueq3RPLYQGnwgrPXkLTM+6y4zEyAVw7n7WVueKlaevdxb+/
dSEwbPqzeKd7OQfMoYIDdjCCAl4CAQEwgeOhgbmkgbYwgbMxCzAJBgNVBAYTAlVT
MRMwEQYDVQQIEwpXYXNoaW5ndG9uMRAwDgYDVQQHEwdSZWRtb25kMR4wHAYDVQQK
ExVNaWNyb3NvZnQgQ29ycG9yYXRpb24xDTALBgNVBAsTBE1PUFIxJzAlBgNVBAsT
Hm5DaXBoZXIgRFNFIEVTTjpCOEVDLTMwQTQtNzE0NDElMCMGA1UEAxMcTWljcm9z
b2Z0IFRpbWUtU3RhbXAgU2VydmljZaIlCgEBMAkGBSsOAwIaBQADFQBIWMJePePe
Bex/3/noRA0Dl9FQE6CBwjCBv6SBvDCBuTELMAkGA1UEBhMCVVMxEzARBgNVBAgT
Cldhc2hpbmd0b24xEDAOBgNVBAcTB1JlZG1vbmQxHjAcBgNVBAoTFU1pY3Jvc29m
dCBDb3Jwb3JhdGlvbjENMAsGA1UECxMETU9QUjEnMCUGA1UECxMebkNpcGhlciBO
VFMgRVNOOjU3RjYtQzFFMC01NTRDMSswKQYDVQQDEyJNaWNyb3NvZnQgVGltZSBT
b3VyY2UgTWFzdGVyIENsb2NrMA0GCSqGSIb3DQEBBQUAAgUA2RwTRDAiGA8yMDE1
MDYwNTEyMjMzMloYDzIwMTUwNjA2MTIyMzMyWjB0MDoGCisGAQQBhFkKBAExLDAq
MAoCBQDZHBNEAgEAMAcCAQACAjQBMAcCAQACAhl4MAoCBQDZHWTEAgEAMDYGCisG
AQQBhFkKBAIxKDAmMAwGCisGAQQBhFkKAwGgCjAIAgEAAgMW42ChCjAIAgEAAgMH
oSAwDQYJKoZIhvcNAQEFBQADggEBAEPB4a93n5WxkViEQsQMnC5LnVl0PRz0SXU/
r2SMykZm77gtfCNVGXnI0LK7k319AOZtSbUOVu1+geYSAJDO4DP5U9Yphkl+cAq6
rl0OXRG7PPlQ6ZOH1HCqYdV/fEyI+DWkJRoSuwQUpWT0dmFLVgLTAkH/SQN57izD
neCy0lkfFuPVmamvo1D8Ht6d/Ufute9A5kY5Kq5/HvRs3GaxfVSA1qf7M625bkuH
IOLIFmfT4YuXRCQJ/nX6B19lT+JVoshUVbGfGtFmtoHVoT9BQ6JmdtUsgY1OrHZ4
nxjkj5PA0k1jnkMoH64smWX6bTF1Qz2WhW+RcaXk7WV3yiJ3bJoxggL1MIIC8QIB
ATCBkzB8MQswCQYDVQQGEwJVUzETMBEGA1UECBMKV2FzaGluZ3RvbjEQMA4GA1UE
BxMHUmVkbW9uZDEeMBwGA1UEChMVTWljcm9zb2Z0IENvcnBvcmF0aW9uMSYwJAYD
VQQDEx1NaWNyb3NvZnQgVGltZS1TdGFtcCBQQ0EgMjAxMAITMwAAAFROhquDk3LW
6QAAAAAAVDANBglghkgBZQMEAgEFAKCCATIwGgYJKoZIhvcNAQkDMQ0GCyqGSIb3
DQEJEAEEMC8GCSqGSIb3DQEJBDEiBCDtQTZGh8hCE6n428Ebx4mzJ4kZzX33CGNr
KOiAygwCpDCB4gYLKoZIhvcNAQkQAgwxgdIwgc8wgcwwgbEEFEhYwl49494F7H/f
+ehEDQOX0VATMIGYMIGApH4wfDELMAkGA1UEBhMCVVMxEzARBgNVBAgTCldhc2hp
bmd0b24xEDAOBgNVBAcTB1JlZG1vbmQxHjAcBgNVBAoTFU1pY3Jvc29mdCBDb3Jw
b3JhdGlvbjEmMCQGA1UEAxMdTWljcm9zb2Z0IFRpbWUtU3RhbXAgUENBIDIwMTAC
EzMAAABUToarg5Ny1ukAAAAAAFQwFgQUn53hN1OPOyjuzcDxlJMiyGIU2FIwDQYJ
KoZIhvcNAQELBQAEggEAIip7XDUevCPkJ8v2z+jGapSYkFRs2vJVi1IUNBhQsPFs
KURd51H8+RlOochXzohShQAAMVMdpD+4hIHORDNUU4D761Gskv2EE3kE7af9AqRm
20DsI1X9BZgEYXU8DLtawM0yNA+XcFIAzryHg10A+5MZT/PXKhdDEhty30Ey7OpZ
kg8v2vNFmbojoDvL2g84Lx1MvpJMR6sb1L9XOHNXoC6Mh4Ru8rziefoMGtg51+78
jEjZOaDU2ZHhLq4RMx+0lFAmKhslJeBjvosBFxVD8Q//i0p7ug6z1JaljdG+/3au
IljYJTR8oOGenbxPGpNou2tzCwvqfDQ4VGbz8XujgQ==
-----END PKCS7-----
